
____________________________________________________________________________________________________
Three Address Code:
____________________________________________________________________________________________________

L0: euclidGCD: 
L1:     t0 = 0
L2:     if a == t0 goto 5
L3:     goto 7
L4:     goto 7
L5:     return b
L6:     goto 7
L7:     t1 = b % a
L8:     param t1
L9:     param a
L10:     t2 = call euclidGCD, 2
L11:     return t2

L12: main: 
L13:     t0 = 2
L14:     flag = t0
L15:     t1 = 0
L16:     if flag == t1 goto 19
L17:     goto 24
L18:     goto 35
L19:     t2 = 100
L20:     a = t2
L21:     t4 = 25
L22:     b = t4
L23:     goto 35
L24:     t6 = 20
L25:     a = t6
L26:     t8 = 1
L27:     if flag == t8 goto 30
L28:     goto 33
L29:     goto 35
L30:     t9 = 5
L31:     b = t9
L32:     goto 35
L33:     t11 = 4
L34:     b = t11
L35:     param a
L36:     param b
L37:     t13 = call euclidGCD, 2
L38:     g = t13
L39:     t15 = 0
L40:     return t15
____________________________________________________________________________________________________
____________________________________________________________________________________________________
Table Name: Global			 Parent Name: NULL
____________________________________________________________________________________________________
Name           Type                Initial Value       Size           Offset         Nested
                                                                                                    
euclidGCD      int                 -                   4              0              euclidGCD
main           int                 -                   4              4              main
----------------------------------------------------------------------------------------------------

____________________________________________________________________________________________________
Table Name: euclidGCD			 Parent Name: Global
____________________________________________________________________________________________________
Name           Type                Initial Value       Size           Offset         Nested
                                                                                                    
a              int                 -                   4              0              NULL
b              int                 -                   4              4              NULL
return         int                 -                   4              8              NULL
t0             int                 0                   4              12             NULL
euclidGCD      int                 -                   4              16             NULL
t1             int                                     4              20             NULL
t2             int                                     4              24             NULL
----------------------------------------------------------------------------------------------------

____________________________________________________________________________________________________
Table Name: main			 Parent Name: Global
____________________________________________________________________________________________________
Name           Type                Initial Value       Size           Offset         Nested
                                                                                                    
return         int                 -                   4              0              NULL
a              int                 -                   4              4              NULL
b              int                 -                   4              8              NULL
g              int                 -                   4              12             NULL
flag           int                 2                   4              16             NULL
t0             int                 2                   4              20             NULL
t1             int                 0                   4              24             NULL
t2             int                 100                 4              28             NULL
t3             int                                     4              32             NULL
t4             int                 25                  4              36             NULL
t5             int                                     4              40             NULL
t6             int                 20                  4              44             NULL
t7             int                                     4              48             NULL
t8             int                 1                   4              52             NULL
t9             int                 5                   4              56             NULL
t10            int                                     4              60             NULL
t11            int                 4                   4              64             NULL
t12            int                                     4              68             NULL
euclidGCD      int                 -                   4              72             NULL
t13            int                                     4              76             NULL
t14            int                                     4              80             NULL
t15            int                 0                   4              84             NULL
----------------------------------------------------------------------------------------------------

