
____________________________________________________________________________________________________
Three Address Code:
____________________________________________________________________________________________________

L0: fib: 
L1:     t0 = 100
L2:     t1 = 0
L3:     t2 = t1 * 4
L4:     t3 = 0
L5:     f[t2] = t3
L6:     t5 = 1
L7:     t6 = t5 * 4
L8:     t7 = 1
L9:     f[t6] = t7
L10:     t9 = 2
L11:     i = t9
L12:     if i <= n goto 17
L13:     goto 29
L14:     t11 = i
L15:     i = i + 1
L16:     goto 12
L17:     t12 = i * 4
L18:     t13 = 1
L19:     t14 = i - t13
L20:     t15 = t14 * 4
L21:     t16 = f[t15]
L22:     t17 = 2
L23:     t18 = i - t17
L24:     t19 = t18 * 4
L25:     t20 = f[t19]
L26:     t21 = t16 + t20
L27:     f[t12] = t21
L28:     goto 14
L29:     t23 = n * 4
L30:     t24 = f[t23]
L31:     return t24

L32: main: 
L33:     t0 = 9
L34:     n = t0
L35:     param n
L36:     t1 = call fib, 1
L37:     fib_num = t1
L38:     t3 = 0
L39:     return t3
____________________________________________________________________________________________________
____________________________________________________________________________________________________
Table Name: Global			 Parent Name: NULL
____________________________________________________________________________________________________
Name           Type                Initial Value       Size           Offset         Nested
                                                                                                    
fib            int                 -                   4              0              fib
main           int                 -                   4              4              main
----------------------------------------------------------------------------------------------------

____________________________________________________________________________________________________
Table Name: fib			 Parent Name: Global
____________________________________________________________________________________________________
Name           Type                Initial Value       Size           Offset         Nested
                                                                                                    
n              int                 -                   4              0              NULL
return         int                 -                   4              4              NULL
f              arr(100,int)        -                   400            8              NULL
t0             int                 100                 4              408            NULL
i              int                 -                   4              412            NULL
t1             int                 0                   4              416            NULL
t2             int                                     4              420            NULL
t3             int                 0                   4              424            NULL
t4             int                                     4              428            NULL
t5             int                 1                   4              432            NULL
t6             int                                     4              436            NULL
t7             int                 1                   4              440            NULL
t8             int                                     4              444            NULL
t9             int                 2                   4              448            NULL
t10            int                                     4              452            NULL
t11            int                                     4              456            NULL
t12            int                                     4              460            NULL
t13            int                 1                   4              464            NULL
t14            int                                     4              468            NULL
t15            int                                     4              472            NULL
t16            int                                     4              476            NULL
t17            int                 2                   4              480            NULL
t18            int                                     4              484            NULL
t19            int                                     4              488            NULL
t20            int                                     4              492            NULL
t21            int                                     4              496            NULL
t22            int                                     4              500            NULL
t23            int                                     4              504            NULL
t24            int                                     4              508            NULL
----------------------------------------------------------------------------------------------------

____________________________________________________________________________________________________
Table Name: main			 Parent Name: Global
____________________________________________________________________________________________________
Name           Type                Initial Value       Size           Offset         Nested
                                                                                                    
return         int                 -                   4              0              NULL
n              int                 9                   4              4              NULL
t0             int                 9                   4              8              NULL
fib_num        int                 -                   4              12             NULL
fib            int                 -                   4              16             NULL
t1             int                                     4              20             NULL
t2             int                                     4              24             NULL
t3             int                 0                   4              28             NULL
----------------------------------------------------------------------------------------------------

