
____________________________________________________________________________________________________
Three Address Code:
____________________________________________________________________________________________________

L0: max: 
L1:     if a > b goto 4
L2:     goto 5
L3:     goto 9
L4:     goto 7
L5:     t0 = b
L6:     goto 9
L7:     t0 = a
L8:     goto 9
L9:     ans = t0
L10:     return ans
L11:     t0 = 100

L12: func: 
L13:     t1 = 100
L14:     t2 = 0
L15:     t3 = t2 * 4
L16:     t4 = 0
L17:     val[t3] = t4
L18:     t6 = 10000
L19:     max_val = t6
L20:     t7 = 1
L21:     i = t7
L22:     if i <= n goto 27
L23:     goto 50
L24:     t9 = i
L25:     i = i + 1
L26:     goto 22
L27:     t10 = 0
L28:     j = t10
L29:     if j < i goto 34
L30:     goto 47
L31:     t12 = j
L32:     j = j + 1
L33:     goto 29
L34:     param max_val
L35:     t13 = j * 4
L36:     t14 = price[t13]
L37:     t15 = i - j
L38:     t16 = 1
L39:     t17 = t15 - t16
L40:     t18 = t17 * 4
L41:     t19 = val[t18]
L42:     t20 = t14 + t19
L43:     param t20
L44:     t21 = call max, 2
L45:     max_val = t21
L46:     goto 31
L47:     t23 = i * 4
L48:     val[t23] = max_val
L49:     goto 24
L50:     t25 = n * 4
L51:     t26 = val[t25]
L52:     return t26

L53: main: 
L54:     t0 = 'a'
L55:     c = t0
L56:     t1 = 'x'
L57:     b = t1
L58:     t2 = 100
L59:     t3 = 100
L60:     n = t3
L61:     t4 = 0
L62:     i = t4
L63:     if i < n goto 68
L64:     goto 71
L65:     t6 = i
L66:     i = i + 1
L67:     goto 63
L68:     t7 = i * 4
L69:     arr[t7] = i
L70:     goto 65
L71:     t9 = 0
L72:     ans = t9
L73:     param arr
L74:     param size
L75:     t10 = call func, 2
L76:     ans = t10
L77:     t12 = 0
L78:     return t12
____________________________________________________________________________________________________
____________________________________________________________________________________________________
Table Name: Global			 Parent Name: NULL
____________________________________________________________________________________________________
Name           Type                Initial Value       Size           Offset         Nested
                                                                                                    
max            int                 -                   4              0              max
func           int                 -                   4              4              func
main           int                 -                   4              8              main
----------------------------------------------------------------------------------------------------

____________________________________________________________________________________________________
Table Name: max			 Parent Name: Global
____________________________________________________________________________________________________
Name           Type                Initial Value       Size           Offset         Nested
                                                                                                    
a              int                 -                   4              0              NULL
b              int                 -                   4              4              NULL
return         int                 -                   4              8              NULL
ans            int                 -                   4              12             NULL
t0             int                                     4              16             NULL
----------------------------------------------------------------------------------------------------

____________________________________________________________________________________________________
Table Name: func			 Parent Name: Global
____________________________________________________________________________________________________
Name           Type                Initial Value       Size           Offset         Nested
                                                                                                    
price          arr(100,int)        -                   400            0              NULL
t0             int                 100                 4              400            NULL
n              int                 -                   4              404            NULL
return         int                 -                   4              408            NULL
val            arr(100,int)        -                   400            412            NULL
t1             int                 100                 4              812            NULL
t2             int                 0                   4              816            NULL
t3             int                                     4              820            NULL
t4             int                 0                   4              824            NULL
t5             int                                     4              828            NULL
i              int                 -                   4              832            NULL
j              int                 -                   4              836            NULL
max_val        int                 10000               4              840            NULL
t6             int                 10000               4              844            NULL
t7             int                 1                   4              848            NULL
t8             int                                     4              852            NULL
t9             int                                     4              856            NULL
t10            int                 0                   4              860            NULL
t11            int                                     4              864            NULL
t12            int                                     4              868            NULL
max            int                 -                   4              872            NULL
t13            int                                     4              876            NULL
t14            int                                     4              880            NULL
t15            int                                     4              884            NULL
t16            int                 1                   4              888            NULL
t17            int                                     4              892            NULL
t18            int                                     4              896            NULL
t19            int                                     4              900            NULL
t20            int                                     4              904            NULL
t21            int                                     4              908            NULL
t22            int                                     4              912            NULL
t23            int                                     4              916            NULL
t24            int                                     4              920            NULL
t25            int                                     4              924            NULL
t26            int                                     4              928            NULL
----------------------------------------------------------------------------------------------------

____________________________________________________________________________________________________
Table Name: main			 Parent Name: Global
____________________________________________________________________________________________________
Name           Type                Initial Value       Size           Offset         Nested
                                                                                                    
return         int                 -                   4              0              NULL
c              char                'a'                 1              4              NULL
t0             char                'a'                 1              5              NULL
b              char                'x'                 1              6              NULL
t1             char                'x'                 1              7              NULL
arr            arr(100,int)        -                   400            8              NULL
t2             int                 100                 4              408            NULL
i              int                 -                   4              412            NULL
n              int                 100                 4              416            NULL
t3             int                 100                 4              420            NULL
t4             int                 0                   4              424            NULL
t5             int                                     4              428            NULL
t6             int                                     4              432            NULL
t7             int                                     4              436            NULL
t8             int                                     4              440            NULL
ans            int                 0                   4              444            NULL
t9             int                 0                   4              448            NULL
func           int                 -                   4              452            NULL
size           int                 -                   4              456            NULL
t10            int                                     4              460            NULL
t11            int                                     4              464            NULL
t12            int                 0                   4              468            NULL
----------------------------------------------------------------------------------------------------

