
____________________________________________________________________________________________________
Three Address Code:
____________________________________________________________________________________________________
L0:     t0 = 2.3
L1:     d = t0
L2:     t1 = 10
L3:     t2 = 2
L4:     t3 = 2
L5:     t4 = 4
L6:     a = t4

L7: main: 
L8:     t0 = 120
L9:     x = t0
L10:     t1 = 17
L11:     y = t1
L12:     t2 = 'c'
L13:     ch = t2
L14:     t3 = 'a'
L15:     d = t3
L16:     t4 = x + y
L17:     i = t4
L18:     t6 = x - y
L19:     j = t6
L20:     t8 = x * y
L21:     k = t8
L22:     t10 = x / y
L23:     l = t10
L24:     t12 = x % y
L25:     m = t12
L26:     t14 = x & y
L27:     n = t14
L28:     t16 = x | y
L29:     o = t16
L30:     t18 = 2
L31:     t19 = 3
L32:     t20 = 3
L33:     t21 = t19 * t20
L34:     t22 = t18 + t21
L35:     a = t22
L36:     t24 = 2
L37:     t25 = 3
L38:     t26 = t24 * t25
L39:     t27 = 3
L40:     t28 = t26 + t27
L41:     o = t28
L42:     t30 = !a
L43:     n = t30
L44:     t32 = 2
L45:     t33 = i << t32
L46:     y = t33
L47:     t35 = 1
L48:     t36 = i >> t35
L49:     x = t36
L50:     t38 = 0
L51:     return t38
____________________________________________________________________________________________________
____________________________________________________________________________________________________
Table Name: Global			 Parent Name: NULL
____________________________________________________________________________________________________
Name           Type                Initial Value       Size           Offset         Nested
                                                                                                    
d              float               2.3                 8              0              NULL
t0             float               2.3                 8              8              NULL
s              int                 -                   4              16             NULL
w              arr(10,int)         -                   40             20             NULL
t1             int                 10                  4              60             NULL
z              arr(2,arr(2,float)) -                   32             64             NULL
t2             int                 2                   4              96             NULL
t3             int                 2                   4              100            NULL
a              int                 4                   4              104            NULL
t4             int                 4                   4              108            NULL
p              ptr(int)            -                   4              112            NULL
b              int                 -                   4              116            NULL
quotient       void                -                   0              120            quotient
c              char                -                   1              120            NULL
main           void                -                   0              121            main
----------------------------------------------------------------------------------------------------

____________________________________________________________________________________________________
Table Name: quotient			 Parent Name: Global
____________________________________________________________________________________________________
Name           Type                Initial Value       Size           Offset         Nested
                                                                                                    
i              int                 -                   4              0              NULL
d              float               -                   8              4              NULL
----------------------------------------------------------------------------------------------------

____________________________________________________________________________________________________
Table Name: main			 Parent Name: Global
____________________________________________________________________________________________________
Name           Type                Initial Value       Size           Offset         Nested
                                                                                                    
x              int                 120                 4              0              NULL
t0             int                 120                 4              4              NULL
y              int                 17                  4              8              NULL
t1             int                 17                  4              12             NULL
i              int                 -                   4              16             NULL
j              int                 -                   4              20             NULL
k              int                 -                   4              24             NULL
l              int                 -                   4              28             NULL
m              int                 -                   4              32             NULL
n              int                 -                   4              36             NULL
o              int                 -                   4              40             NULL
a              int                 -                   4              44             NULL
ch             char                'c'                 1              48             NULL
t2             char                'c'                 1              49             NULL
d              char                'a'                 1              50             NULL
t3             char                'a'                 1              51             NULL
t4             int                                     4              52             NULL
t5             int                                     4              56             NULL
t6             int                                     4              60             NULL
t7             int                                     4              64             NULL
t8             int                                     4              68             NULL
t9             int                                     4              72             NULL
t10            int                                     4              76             NULL
t11            int                                     4              80             NULL
t12            int                                     4              84             NULL
t13            int                                     4              88             NULL
t14            int                                     4              92             NULL
t15            int                                     4              96             NULL
t16            int                                     4              100            NULL
t17            int                                     4              104            NULL
t18            int                 2                   4              108            NULL
t19            int                 3                   4              112            NULL
t20            int                 3                   4              116            NULL
t21            int                                     4              120            NULL
t22            int                                     4              124            NULL
t23            int                                     4              128            NULL
t24            int                 2                   4              132            NULL
t25            int                 3                   4              136            NULL
t26            int                                     4              140            NULL
t27            int                 3                   4              144            NULL
t28            int                                     4              148            NULL
t29            int                                     4              152            NULL
t30            int                                     4              156            NULL
t31            int                                     4              160            NULL
t32            int                 2                   4              164            NULL
t33            int                                     4              168            NULL
t34            int                                     4              172            NULL
t35            int                 1                   4              176            NULL
t36            int                                     4              180            NULL
t37            int                                     4              184            NULL
t38            int                 0                   4              188            NULL
----------------------------------------------------------------------------------------------------

