
____________________________________________________________________________________________________
Three Address Code:
____________________________________________________________________________________________________

L0: max: 
L1:     if x > y goto 4
L2:     goto 6
L3:     goto 7
L4:     ans = x
L5:     goto 7
L6:     ans = y
L7:     return ans

L8: min: 
L9:     if x > y goto 12
L10:     goto 13
L11:     goto 17
L12:     goto 15
L13:     t0 = x
L14:     goto 17
L15:     t0 = y
L16:     goto 17
L17:     ans = t0
L18:     return ans

L19: difference: 
L20:     param x
L21:     param y
L22:     t0 = call max, 2
L23:     i = t0
L24:     param x
L25:     param y
L26:     t2 = call min, 2
L27:     j = t2
L28:     t4 = i - j
L29:     diff = t4
L30:     return diff

L31: main: 
L32:     t0 = 10
L33:     a = t0
L34:     t2 = 5
L35:     b = t2
L36:     param a
L37:     param b
L38:     t4 = call difference, 2
L39:     diff = t4
L40:     t6 = 0
L41:     return t6
____________________________________________________________________________________________________
____________________________________________________________________________________________________
Table Name: Global			 Parent Name: NULL
____________________________________________________________________________________________________
Name           Type                Initial Value       Size           Offset         Nested
                                                                                                    
max            int                 -                   4              0              max
min            int                 -                   4              4              min
difference     int                 -                   4              8              difference
main           int                 -                   4              12             main
----------------------------------------------------------------------------------------------------

____________________________________________________________________________________________________
Table Name: max			 Parent Name: Global
____________________________________________________________________________________________________
Name           Type                Initial Value       Size           Offset         Nested
                                                                                                    
x              int                 -                   4              0              NULL
y              int                 -                   4              4              NULL
return         int                 -                   4              8              NULL
ans            int                 -                   4              12             NULL
t0             int                                     4              16             NULL
t1             int                                     4              20             NULL
----------------------------------------------------------------------------------------------------

____________________________________________________________________________________________________
Table Name: min			 Parent Name: Global
____________________________________________________________________________________________________
Name           Type                Initial Value       Size           Offset         Nested
                                                                                                    
x              int                 -                   4              0              NULL
y              int                 -                   4              4              NULL
return         int                 -                   4              8              NULL
ans            int                 -                   4              12             NULL
t0             int                                     4              16             NULL
t1             int                                     4              20             NULL
----------------------------------------------------------------------------------------------------

____________________________________________________________________________________________________
Table Name: difference			 Parent Name: Global
____________________________________________________________________________________________________
Name           Type                Initial Value       Size           Offset         Nested
                                                                                                    
x              int                 -                   4              0              NULL
y              int                 -                   4              4              NULL
return         int                 -                   4              8              NULL
i              int                 -                   4              12             NULL
j              int                 -                   4              16             NULL
diff           int                 -                   4              20             NULL
max            int                 -                   4              24             NULL
t0             int                                     4              28             NULL
t1             int                                     4              32             NULL
min            int                 -                   4              36             NULL
t2             int                                     4              40             NULL
t3             int                                     4              44             NULL
t4             int                                     4              48             NULL
t5             int                                     4              52             NULL
----------------------------------------------------------------------------------------------------

____________________________________________________________________________________________________
Table Name: main			 Parent Name: Global
____________________________________________________________________________________________________
Name           Type                Initial Value       Size           Offset         Nested
                                                                                                    
return         int                 -                   4              0              NULL
a              int                 -                   4              4              NULL
b              int                 -                   4              8              NULL
diff           int                 -                   4              12             NULL
t0             int                 10                  4              16             NULL
t1             int                                     4              20             NULL
t2             int                 5                   4              24             NULL
t3             int                                     4              28             NULL
difference     int                 -                   4              32             NULL
t4             int                                     4              36             NULL
t5             int                                     4              40             NULL
t6             int                 0                   4              44             NULL
----------------------------------------------------------------------------------------------------

